2025-02-06 07:33:40,133 [INFO] IMAP connection established
2025-02-06 07:33:40,135 [INFO] Starting Email Reader
2025-02-06 07:33:40,135 [INFO] Current User: vrindaganeshbhat
2025-02-06 07:33:40,135 [INFO] Start Time: 2025-02-06 12:26:16
2025-02-06 07:33:40,135 [INFO] Email account: vgb2113@columbia.edu
2025-02-06 07:33:40,827 [INFO] Retrieved email: ⏳Early Bird Deal: 48 Hours Left!
2025-02-06 07:33:40,984 [INFO] Retrieved email: 💡
2025-02-06 07:33:41,136 [INFO] Retrieved email: VRINDA, 9 Trends that will Shape Work in 2025
2025-02-06 07:33:41,329 [INFO] Retrieved email: Principal Statistical Programmer at Katalyst Healthcares & Life
 Sciences and 7 more jobs in Andover, MA for you. Apply Now.
2025-02-06 07:33:41,502 [INFO] Retrieved email: Analytics and BI Specialist at Del Monte Foods and 9 more jobs in
 Aurora, CO for you. Apply Now.
2025-02-06 07:33:41,651 [INFO] Retrieved email: Innovative Systems, iTechStack and others are hiring in Pittsburgh,
 PA. Apply Now.
2025-02-06 07:33:41,814 [INFO] Retrieved email: Configuration/Data Manager at Credence Management Solutions and 6
 more jobs in Lebanon, OH for you. Apply Now.
2025-02-06 07:33:41,998 [INFO] Retrieved email: Spam and Low Priority Email Digest: 10 New Messages 
2025-02-06 07:33:42,195 [INFO] Retrieved email: Financial Analyst at University of Chicago and 9 more jobs in
 Chicago, IL for you. Apply Now.
2025-02-06 07:33:42,363 [INFO] Retrieved email: Vice President, Special Markets at HuFriedyGroup and 5 more jobs in
 Itasca, IL for you. Apply Now.
2025-02-06 07:33:42,485 [INFO] IMAP connection closed
